Arguments: 
  /home/daithi/.nvm/versions/node/v9.2.1/bin/node /usr/share/yarn/bin/yarn.js add zepplin-solidity

PATH: 
  /home/daithi/.nvm/versions/node/v9.2.1/bin:/usr/local/bin:/usr/bin:/bin:/usr/local/games:/usr/games

Yarn version: 
  1.7.0

Node version: 
  9.2.1

Platform: 
  linux x64

Trace: 
  Error: https://registry.yarnpkg.com/zepplin-solidity: Not found
      at Request.params.callback [as _callback] (/usr/share/yarn/lib/cli.js:65656:18)
      at Request.self.callback (/usr/share/yarn/lib/cli.js:134675:22)
      at Request.emit (events.js:159:13)
      at Request.<anonymous> (/usr/share/yarn/lib/cli.js:135658:10)
      at Request.emit (events.js:159:13)
      at IncomingMessage.<anonymous> (/usr/share/yarn/lib/cli.js:135578:12)
      at Object.onceWrapper (events.js:254:19)
      at IncomingMessage.emit (events.js:164:20)
      at endReadableNT (_stream_readable.js:1054:12)
      at _combinedTickCallback (internal/process/next_tick.js:138:11)

npm manifest: 
  {
    "name": "truffle-init-webpack",
    "version": "0.0.2",
    "description": "Frontend example using truffle v3",
    "scripts": {
      "lint": "eslint ./",
      "build": "webpack",
      "dev": "webpack-dev-server"
    },
    "author": "Douglas von Kohorn",
    "license": "MIT",
    "devDependencies": {
      "babel-cli": "^6.22.2",
      "babel-core": "^6.22.1",
      "babel-eslint": "^6.1.2",
      "babel-loader": "^6.2.10",
      "babel-plugin-transform-runtime": "^6.22.0",
      "babel-preset-env": "^1.1.8",
      "babel-preset-es2015": "^6.22.0",
      "babel-register": "^6.22.0",
      "copy-webpack-plugin": "^4.0.1",
      "css-loader": "^0.26.1",
      "eslint": "^3.14.0",
      "eslint-config-standard": "^6.0.0",
      "eslint-plugin-babel": "^4.0.0",
      "eslint-plugin-mocha": "^4.8.0",
      "eslint-plugin-promise": "^3.0.0",
      "eslint-plugin-standard": "^2.0.0",
      "html-webpack-plugin": "^2.28.0",
      "json-loader": "^0.5.4",
      "style-loader": "^0.13.1",
      "truffle-contract": "^1.1.11",
      "web3": "^0.20.0",
      "webpack": "^2.2.1",
      "webpack-dev-server": "^2.3.0"
    }
  }

yarn manifest: 
  No manifest

Lockfile: 
  No lockfile
